{"/Users/liling18/demo/webpack-package/lib/webpack.base.js":{"path":"/Users/liling18/demo/webpack-package/lib/webpack.base.js","s":{"1":1,"2":1,"3":1,"4":1,"5":1,"6":1,"7":1,"8":1,"9":1,"10":1,"11":1,"12":1,"13":1,"14":2,"15":2,"16":2,"17":2,"18":2,"19":2,"20":1,"21":1,"22":1,"23":0,"24":0,"25":0,"26":0,"27":0},"b":{"1":[2,2],"2":[0,0],"3":[0,0,0]},"f":{"1":0},"fnMap":{"1":{"name":"errorPlugin","line":124,"loc":{"start":{"line":124,"column":8},"end":{"line":124,"column":31}}}},"statementMap":{"1":{"start":{"line":4,"column":0},"end":{"line":4,"column":29}},"2":{"start":{"line":5,"column":0},"end":{"line":5,"column":29}},"3":{"start":{"line":8,"column":0},"end":{"line":8,"column":64}},"4":{"start":{"line":10,"column":0},"end":{"line":10,"column":57}},"5":{"start":{"line":13,"column":0},"end":{"line":13,"column":63}},"6":{"start":{"line":15,"column":0},"end":{"line":15,"column":78}},"7":{"start":{"line":16,"column":0},"end":{"line":16,"column":45}},"8":{"start":{"line":18,"column":0},"end":{"line":18,"column":34}},"9":{"start":{"line":20,"column":0},"end":{"line":53,"column":2}},"10":{"start":{"line":21,"column":4},"end":{"line":21,"column":21}},"11":{"start":{"line":22,"column":4},"end":{"line":22,"column":34}},"12":{"start":{"line":24,"column":4},"end":{"line":24,"column":77}},"13":{"start":{"line":25,"column":4},"end":{"line":48,"column":7}},"14":{"start":{"line":26,"column":8},"end":{"line":26,"column":44}},"15":{"start":{"line":27,"column":8},"end":{"line":27,"column":62}},"16":{"start":{"line":28,"column":8},"end":{"line":28,"column":43}},"17":{"start":{"line":29,"column":8},"end":{"line":29,"column":36}},"18":{"start":{"line":30,"column":8},"end":{"line":46,"column":11}},"19":{"start":{"line":47,"column":8},"end":{"line":47,"column":58}},"20":{"start":{"line":49,"column":4},"end":{"line":52,"column":6}},"21":{"start":{"line":55,"column":0},"end":{"line":55,"column":47}},"22":{"start":{"line":57,"column":0},"end":{"line":139,"column":2}},"23":{"start":{"line":83,"column":39},"end":{"line":86,"column":25}},"24":{"start":{"line":128,"column":12},"end":{"line":135,"column":15}},"25":{"start":{"line":129,"column":16},"end":{"line":134,"column":17}},"26":{"start":{"line":131,"column":20},"end":{"line":131,"column":47}},"27":{"start":{"line":133,"column":20},"end":{"line":133,"column":36}}},"branchMap":{"1":{"line":28,"type":"binary-expr","locations":[{"start":{"line":28,"column":25},"end":{"line":28,"column":30}},{"start":{"line":28,"column":34},"end":{"line":28,"column":42}}]},"2":{"line":129,"type":"if","locations":[{"start":{"line":129,"column":16},"end":{"line":129,"column":16}},{"start":{"line":129,"column":16},"end":{"line":129,"column":16}}]},"3":{"line":129,"type":"binary-expr","locations":[{"start":{"line":129,"column":20},"end":{"line":129,"column":44}},{"start":{"line":129,"column":48},"end":{"line":129,"column":79}},{"start":{"line":129,"column":83},"end":{"line":129,"column":121}}]}}}}